{"name": "Registered user comes to application page -- @1.2 ", "status": "broken", "statusDetails": {"message": "selenium.common.exceptions.NoSuchElementException: Message: no such element: Unable to locate element: {\"method\":\"xpath\",\"selector\":\"//*[@id='main-navbar']/div/div[1]/a/img\"}\n  (Session info: chrome=87.0.4280.88)\n\n", "trace": "  File \"c:\\users\\bhara\\pycharmprojects\\testing\\venv\\lib\\site-packages\\behave\\model.py\", line 1329, in run\n    match.run(runner.context)\n  File \"c:\\users\\bhara\\pycharmprojects\\testing\\venv\\lib\\site-packages\\behave\\matchers.py\", line 98, in run\n    self.func(context, *args, **kwargs)\n  File \"steps\\euvantagesteps.py\", line 97, in loggedIn\n    title = context.driver.find_element_by_xpath(\"//*[@id='main-navbar']/div/div[1]/a/img\").is_displayed()\n  File \"c:\\users\\bhara\\pycharmprojects\\testing\\venv\\lib\\site-packages\\selenium\\webdriver\\remote\\webdriver.py\", line 394, in find_element_by_xpath\n    return self.find_element(by=By.XPATH, value=xpath)\n  File \"c:\\users\\bhara\\pycharmprojects\\testing\\venv\\lib\\site-packages\\selenium\\webdriver\\remote\\webdriver.py\", line 976, in find_element\n    return self.execute(Command.FIND_ELEMENT, {\n  File \"c:\\users\\bhara\\pycharmprojects\\testing\\venv\\lib\\site-packages\\selenium\\webdriver\\remote\\webdriver.py\", line 321, in execute\n    self.error_handler.check_response(response)\n  File \"c:\\users\\bhara\\pycharmprojects\\testing\\venv\\lib\\site-packages\\selenium\\webdriver\\remote\\errorhandler.py\", line 242, in check_response\n    raise exception_class(message, screen, stacktrace)\n"}, "steps": [{"name": "Given User in login page", "status": "passed", "start": 1610206426957, "stop": 1610206438986}, {"name": "When Enter username \"vikkrams123\" and password \"pass@123\"", "status": "passed", "start": 1610206438990, "stop": 1610206439473}, {"name": "And User enters the login button", "status": "passed", "start": 1610206439473, "stop": 1610206441272}, {"name": "Then User should be logged in home page successfully", "status": "broken", "statusDetails": {"message": "selenium.common.exceptions.NoSuchElementException: Message: no such element: Unable to locate element: {\"method\":\"xpath\",\"selector\":\"//*[@id='main-navbar']/div/div[1]/a/img\"}\n  (Session info: chrome=87.0.4280.88)\n\n", "trace": "  File \"c:\\users\\bhara\\pycharmprojects\\testing\\venv\\lib\\site-packages\\behave\\model.py\", line 1329, in run\n    match.run(runner.context)\n  File \"c:\\users\\bhara\\pycharmprojects\\testing\\venv\\lib\\site-packages\\behave\\matchers.py\", line 98, in run\n    self.func(context, *args, **kwargs)\n  File \"steps\\euvantagesteps.py\", line 97, in loggedIn\n    title = context.driver.find_element_by_xpath(\"//*[@id='main-navbar']/div/div[1]/a/img\").is_displayed()\n  File \"c:\\users\\bhara\\pycharmprojects\\testing\\venv\\lib\\site-packages\\selenium\\webdriver\\remote\\webdriver.py\", line 394, in find_element_by_xpath\n    return self.find_element(by=By.XPATH, value=xpath)\n  File \"c:\\users\\bhara\\pycharmprojects\\testing\\venv\\lib\\site-packages\\selenium\\webdriver\\remote\\webdriver.py\", line 976, in find_element\n    return self.execute(Command.FIND_ELEMENT, {\n  File \"c:\\users\\bhara\\pycharmprojects\\testing\\venv\\lib\\site-packages\\selenium\\webdriver\\remote\\webdriver.py\", line 321, in execute\n    self.error_handler.check_response(response)\n  File \"c:\\users\\bhara\\pycharmprojects\\testing\\venv\\lib\\site-packages\\selenium\\webdriver\\remote\\errorhandler.py\", line 242, in check_response\n    raise exception_class(message, screen, stacktrace)\n"}, "start": 1610206441272, "stop": 1610206441326}], "parameters": [{"name": "username", "value": "vikkrams123"}, {"name": "password", "value": "pass@123"}], "start": 1610206426957, "stop": 1610206441326, "uuid": "ef4a74a7-5df1-4d67-8514-365c1dc0e290", "historyId": "dc12bd20a0b4333cfd585441b7582577", "labels": [{"name": "severity", "value": "normal"}, {"name": "tag", "value": "Negative_testcase"}, {"name": "feature", "value": "EuvantageUI Login"}, {"name": "framework", "value": "behave"}, {"name": "language", "value": "cpython3"}]}